<?xml version="1.0" encoding="UTF-8"?>
<!-- Generated by org.testng.reporters.JUnitReportReporter -->
<testsuite hostname="VishnuPC" failures="0" tests="1" name="selenium_pratice.AmazonAutoSuggestion" time="18.377" errors="0" timestamp="2022-05-24T15:52:56 IST" skipped="0">
  <testcase classname="selenium_pratice.AmazonAutoSuggestion" name="autoSuggest" time="18.377"/>
  <system-out/>
</testsuite> <!-- selenium_pratice.AmazonAutoSuggestion -->
