<?xml version="1.0" encoding="UTF-8"?>
<!-- Generated by org.testng.reporters.JUnitReportReporter -->
<testsuite hostname="VishnuPC" failures="0" tests="1" name="selenium_pratice.SearchForMobilesInFlipkart" time="16.147" errors="0" timestamp="2022-05-30T11:17:20 IST" skipped="0">
  <testcase classname="selenium_pratice.SearchForMobilesInFlipkart" name="searchMobilePrint" time="16.147"/>
  <system-out/>
</testsuite> <!-- selenium_pratice.SearchForMobilesInFlipkart -->
