<?xml version="1.0" encoding="UTF-8"?>
<!-- Generated by org.testng.reporters.JUnitReportReporter -->
<testsuite hostname="VishnuPC" failures="0" tests="5" name="selenium_pratice.CreateContactWithDataProviderTest" time="156.679" errors="0" timestamp="2022-03-14T12:33:06 IST" skipped="0">
  <testcase classname="selenium_pratice.CreateContactWithDataProviderTest" name="createContact" time="33.462"/>
  <system-out/>
  <testcase classname="selenium_pratice.CreateContactWithDataProviderTest" name="createContact" time="32.392"/>
  <system-out/>
  <testcase classname="selenium_pratice.CreateContactWithDataProviderTest" name="createContact" time="30.753"/>
  <system-out/>
  <testcase classname="selenium_pratice.CreateContactWithDataProviderTest" name="createContact" time="29.430"/>
  <system-out/>
  <testcase classname="selenium_pratice.CreateContactWithDataProviderTest" name="createContact" time="30.642"/>
  <system-out/>
</testsuite> <!-- selenium_pratice.CreateContactWithDataProviderTest -->
