<?xml version="1.0" encoding="UTF-8"?>
<!-- Generated by org.testng.reporters.JUnitReportReporter -->
<testsuite hostname="VishnuPC" failures="0" tests="1" name="com.crm.seleniumframework.contact.CreateContactWithOrgTest" time="83.073" errors="0" timestamp="2022-03-30T00:47:11 IST" skipped="0">
  <testcase classname="com.crm.seleniumframework.contact.CreateContactWithOrgTest" name="createContactwithOrg" time="83.073"/>
  <system-out/>
</testsuite> <!-- com.crm.seleniumframework.contact.CreateContactWithOrgTest -->
