<?xml version="1.0" encoding="UTF-8"?>
<!-- Generated by org.testng.reporters.JUnitReportReporter -->
<testsuite hostname="VishnuPC" failures="0" tests="1" name="selenium_pratice.DemoGroupExecutionTest" time="0.026" errors="0" timestamp="2022-03-15T17:36:03 IST" skipped="0">
  <testcase classname="selenium_pratice.DemoGroupExecutionTest" name="createContactwithOrg" time="0.026"/>
  <system-out/>
</testsuite> <!-- selenium_pratice.DemoGroupExecutionTest -->
