<?xml version="1.0" encoding="UTF-8"?>
<!-- Generated by org.testng.reporters.JUnitReportReporter -->
<testsuite hostname="VishnuPC" failures="0" tests="1" name="selenium_pratice.CreateContact" time="94.108" errors="0" timestamp="2022-03-16T14:22:45 IST" skipped="0">
  <testcase classname="selenium_pratice.CreateContact" name="createContact" time="94.108"/>
  <system-out/>
</testsuite> <!-- selenium_pratice.CreateContact -->
