<?xml version="1.0" encoding="UTF-8"?>
<!-- Generated by org.testng.reporters.JUnitReportReporter -->
<testsuite hostname="VishnuPC" failures="0" tests="1" name="selenium_pratice.GetScreenShot" time="6.597" errors="0" timestamp="2022-03-21T16:55:13 IST" skipped="0">
  <testcase classname="selenium_pratice.GetScreenShot" name="takeScreenShot" time="6.597"/>
  <system-out/>
</testsuite> <!-- selenium_pratice.GetScreenShot -->
