<?xml version="1.0" encoding="UTF-8"?>
<!-- Generated by org.testng.reporters.JUnitReportReporter -->
<testsuite hostname="VishnuPC" failures="0" tests="1" name="selenium_pratice.GoogleCapturelang" time="9.232" errors="0" timestamp="2022-06-01T21:43:51 IST" skipped="0">
  <testcase classname="selenium_pratice.GoogleCapturelang" name="googleLang" time="9.232"/>
  <system-out/>
</testsuite> <!-- selenium_pratice.GoogleCapturelang -->
