<?xml version="1.0" encoding="UTF-8"?>
<!-- Generated by org.testng.reporters.JUnitReportReporter -->
<testsuite hostname="VishnuPC" failures="0" tests="1" name="selenium_pratice.CreateOrganizationAndDelete" time="114.398" errors="0" timestamp="2022-03-14T17:12:08 IST" skipped="0">
  <testcase classname="selenium_pratice.CreateOrganizationAndDelete" name="createOrganization" time="114.398"/>
  <system-out/>
</testsuite> <!-- selenium_pratice.CreateOrganizationAndDelete -->
