<?xml version="1.0" encoding="UTF-8"?>
<!-- Generated by org.testng.reporters.JUnitReportReporter -->
<testsuite hostname="VishnuPC" failures="0" tests="2" name="com.crm.seleniumframework.contact.CreateContactWithOrg" time="191.724" errors="0" timestamp="2022-03-16T23:24:52 IST" skipped="0">
  <testcase classname="com.crm.seleniumframework.contact.CreateContactWithOrg" name="createContactwithOrg" time="82.900"/>
  <system-out/>
  <testcase classname="com.crm.seleniumframework.contact.CreateContactWithOrg" name="createContactwithOrg" time="108.824"/>
  <system-out/>
</testsuite> <!-- com.crm.seleniumframework.contact.CreateContactWithOrg -->
