<?xml version="1.0" encoding="UTF-8"?>
<!-- Generated by org.testng.reporters.JUnitReportReporter -->
<testsuite hostname="VishnuPC" failures="0" tests="1" name="com.crm.seleniumframework.campaign.CreateCampaign" time="95.235" errors="0" timestamp="2022-03-16T23:24:52 IST" skipped="0">
  <testcase classname="com.crm.seleniumframework.campaign.CreateCampaign" name="createCampaign" time="95.235"/>
  <system-out/>
</testsuite> <!-- com.crm.seleniumframework.campaign.CreateCampaign -->
