<?xml version="1.0" encoding="UTF-8"?>
<!-- Generated by org.testng.reporters.JUnitReportReporter -->
<testsuite hostname="VishnuPC" failures="0" tests="4" name="selenium_pratice.PriorityTestng" time="0.033" errors="0" timestamp="2022-06-17T17:19:54 IST" skipped="0">
  <testcase classname="selenium_pratice.PriorityTestng" name="m4" time="0.003"/>
  <system-out/>
  <testcase classname="selenium_pratice.PriorityTestng" name="m2" time="0.004"/>
  <system-out/>
  <testcase classname="selenium_pratice.PriorityTestng" name="m3" time="0.003"/>
  <system-out/>
  <testcase classname="selenium_pratice.PriorityTestng" name="m1" time="0.023"/>
  <system-out/>
</testsuite> <!-- selenium_pratice.PriorityTestng -->
