<?xml version="1.0" encoding="UTF-8"?>
<!-- Generated by org.testng.reporters.JUnitReportReporter -->
<testsuite hostname="VishnuPC" failures="0" tests="1" name="selenium_pratice.FetchingValueFromRandomRowWithSameCol" time="1.879" errors="0" timestamp="2022-05-25T22:56:21 IST" skipped="0">
  <testcase classname="selenium_pratice.FetchingValueFromRandomRowWithSameCol" name="fetchexceldata" time="1.879"/>
  <system-out/>
</testsuite> <!-- selenium_pratice.FetchingValueFromRandomRowWithSameCol -->
