<?xml version="1.0" encoding="UTF-8"?>
<!-- Generated by org.testng.reporters.JUnitReportReporter -->
<testsuite hostname="VishnuPC" failures="0" tests="1" name="selenium_pratice.RetryImpClass" time="0.023" errors="0" timestamp="2022-03-17T16:35:12 IST" skipped="0">
  <testcase classname="selenium_pratice.RetryImpClass" name="create" time="0.023"/>
  <system-out/>
</testsuite> <!-- selenium_pratice.RetryImpClass -->
