<?xml version="1.0" encoding="UTF-8"?>
<!-- Generated by org.testng.reporters.JUnitReportReporter -->
<testsuite hostname="VishnuPC" failures="0" tests="2" name="selenium_pratice.GroupExecutionTest" time="0.009" errors="0" timestamp="2022-03-15T17:36:03 IST" skipped="0">
  <testcase classname="selenium_pratice.GroupExecutionTest" name="createDemoOrg" time="0.006"/>
  <system-out/>
  <testcase classname="selenium_pratice.GroupExecutionTest" name="createOrgwithInd" time="0.003"/>
  <system-out/>
</testsuite> <!-- selenium_pratice.GroupExecutionTest -->
