<?xml version="1.0" encoding="UTF-8"?>
<!-- Generated by org.testng.reporters.JUnitReportReporter -->
<testsuite hostname="VishnuPC" failures="0" tests="1" name="selenium_pratice.RedBusCountNoOfBuses" time="61.678" errors="0" timestamp="2022-06-29T13:14:39 IST" skipped="0">
  <testcase classname="selenium_pratice.RedBusCountNoOfBuses" name="redbus" time="61.678"/>
  <system-out/>
</testsuite> <!-- selenium_pratice.RedBusCountNoOfBuses -->
