<?xml version="1.0" encoding="UTF-8"?>
<!-- Generated by org.testng.reporters.JUnitReportReporter -->
<testsuite hostname="VishnuPC" failures="0" tests="1" name="selenium_pratice.SelectTodayDateTest" time="23.240" errors="0" timestamp="2022-03-11T14:48:59 IST" skipped="0">
  <testcase classname="selenium_pratice.SelectTodayDateTest" name="selectTodayDate" time="23.240"/>
  <system-out/>
</testsuite> <!-- selenium_pratice.SelectTodayDateTest -->
