<?xml version="1.0" encoding="UTF-8"?>
<!-- Generated by org.testng.reporters.JUnitReportReporter -->
<testsuite hostname="VishnuPC" failures="0" tests="1" name="selenium_pratice.DemoSoftAssert" time="0.027" errors="0" timestamp="2022-03-16T17:28:05 IST" skipped="0">
  <testcase classname="selenium_pratice.DemoSoftAssert" name="softAssert" time="0.027"/>
  <system-out/>
</testsuite> <!-- selenium_pratice.DemoSoftAssert -->
