<?xml version="1.0" encoding="UTF-8"?>
<!-- Generated by org.testng.reporters.JUnitReportReporter -->
<testsuite hostname="VishnuPC" failures="0" tests="3" name="selenium_pratice.DemoTestNG" time="0.031" errors="0" timestamp="2022-03-11T15:06:11 IST" skipped="0">
  <testcase classname="selenium_pratice.DemoTestNG" name="sibi" time="0.023"/>
  <system-out/>
  <testcase classname="selenium_pratice.DemoTestNG" name="vidhya" time="0.003"/>
  <system-out/>
  <testcase classname="selenium_pratice.DemoTestNG" name="mdazar" time="0.005"/>
  <system-out/>
</testsuite> <!-- selenium_pratice.DemoTestNG -->
