<?xml version="1.0" encoding="UTF-8"?>
<!-- Generated by org.testng.reporters.JUnitReportReporter -->
<testsuite hostname="VishnuPC" failures="0" tests="1" name="com.crm.seleniumframework.opportunities.CreateOpportunitywithAssignedtoGroupAsMarketingGroupTest" time="75.764" errors="0" timestamp="2022-03-30T00:30:31 IST" skipped="0">
  <testcase classname="com.crm.seleniumframework.opportunities.CreateOpportunitywithAssignedtoGroupAsMarketingGroupTest" name="createOpportunitywithGroupAsMarketingGroup" time="75.764"/>
  <system-out/>
</testsuite> <!-- com.crm.seleniumframework.opportunities.CreateOpportunitywithAssignedtoGroupAsMarketingGroupTest -->
